number,value,datetime_start,datetime_complete,duration,params_colsample_bytree,params_gamma,params_learning_rate,params_max_depth,params_min_child_weight,params_n_estimators,params_reg_alpha,params_reg_lambda,params_subsample,user_attrs_fold_rows,user_attrs_mean_accuracy,user_attrs_mean_macro_f1,user_attrs_mean_selected_score,state
21,0.7936,2026-04-26 16:36:31.965471,2026-04-26 16:39:16.449986,0 days 00:02:44.484515,0.9040498092736361,0.7472161015940024,0.049337541560124154,8,4.722705272627656,1006,0.0005511634692037024,0.03809670053061953,0.8543037494388949,"[{'fold': 1, 'accuracy': 0.7937142857142857, 'macro_f1': 0.7949321116707073, 'selected_score': 0.7937142857142857, 'best_n_estimators': 989}, {'fold': 2, 'accuracy': 0.7952857142857143, 'macro_f1': 0.7956625328096031, 'selected_score': 0.7952857142857143, 'best_n_estimators': 997}, {'fold': 3, 'accuracy': 0.7957142857142857, 'macro_f1': 0.796612595191652, 'selected_score': 0.7957142857142857, 'best_n_estimators': 1006}, {'fold': 4, 'accuracy': 0.79, 'macro_f1': 0.7904715471683815, 'selected_score': 0.79, 'best_n_estimators': 827}, {'fold': 5, 'accuracy': 0.7932857142857143, 'macro_f1': 0.7939359149199137, 'selected_score': 0.7932857142857143, 'best_n_estimators': 901}]",0.7936,0.7943229403520515,0.7936,COMPLETE
22,0.7933428571428571,2026-04-26 16:39:16.450409,2026-04-26 16:43:39.041448,0 days 00:04:22.591039,0.9291098850887138,0.5628436071316942,0.020692554994693732,9,3.9303384691716383,968,0.0011444676109431061,0.0038130118413860514,0.8284951961764057,"[{'fold': 1, 'accuracy': 0.796, 'macro_f1': 0.7970451375403158, 'selected_score': 0.796, 'best_n_estimators': 968}, {'fold': 2, 'accuracy': 0.794, 'macro_f1': 0.7943164892641711, 'selected_score': 0.794, 'best_n_estimators': 968}, {'fold': 3, 'accuracy': 0.7921428571428571, 'macro_f1': 0.7929598890128959, 'selected_score': 0.7921428571428571, 'best_n_estimators': 968}, {'fold': 4, 'accuracy': 0.7931428571428571, 'macro_f1': 0.7935468343226806, 'selected_score': 0.7931428571428571, 'best_n_estimators': 966}, {'fold': 5, 'accuracy': 0.7914285714285715, 'macro_f1': 0.7922367725344273, 'selected_score': 0.7914285714285715, 'best_n_estimators': 968}]",0.7933428571428571,0.7940210245348982,0.7933428571428571,COMPLETE
23,0.7911714285714286,2026-04-26 16:43:39.041927,2026-04-26 16:48:14.293242,0 days 00:04:35.251315,0.9460298370609795,0.47129457953564674,0.01828804605558505,9,4.047504160746065,928,0.017606449985881064,0.003112176868102897,0.9048859198559277,"[{'fold': 1, 'accuracy': 0.7911428571428571, 'macro_f1': 0.7923706143743184, 'selected_score': 0.7911428571428571, 'best_n_estimators': 928}, {'fold': 2, 'accuracy': 0.7938571428571428, 'macro_f1': 0.7942793766387073, 'selected_score': 0.7938571428571428, 'best_n_estimators': 928}, {'fold': 3, 'accuracy': 0.7897142857142857, 'macro_f1': 0.7905113718437646, 'selected_score': 0.7897142857142857, 'best_n_estimators': 928}, {'fold': 4, 'accuracy': 0.7904285714285715, 'macro_f1': 0.7909573363741759, 'selected_score': 0.7904285714285715, 'best_n_estimators': 926}, {'fold': 5, 'accuracy': 0.7907142857142857, 'macro_f1': 0.791599956661893, 'selected_score': 0.7907142857142857, 'best_n_estimators': 928}]",0.7911714285714286,0.7919437311785719,0.7911714285714286,COMPLETE
24,0.7899428571428571,2026-04-26 16:48:14.293938,2026-04-26 16:51:04.717946,0 days 00:02:50.424008,0.984012342427727,0.08079100331897626,0.04500548923147254,9,6.374282057717409,750,0.0010040878568628047,0.09793587531024087,0.826439213403869,"[{'fold': 1, 'accuracy': 0.7888571428571428, 'macro_f1': 0.790027056174466, 'selected_score': 0.7888571428571428, 'best_n_estimators': 580}, {'fold': 2, 'accuracy': 0.7945714285714286, 'macro_f1': 0.7949614663593431, 'selected_score': 0.7945714285714286, 'best_n_estimators': 598}, {'fold': 3, 'accuracy': 0.7917142857142857, 'macro_f1': 0.7925898856389718, 'selected_score': 0.7917142857142857, 'best_n_estimators': 597}, {'fold': 4, 'accuracy': 0.7875714285714286, 'macro_f1': 0.7879385210979061, 'selected_score': 0.7875714285714286, 'best_n_estimators': 494}, {'fold': 5, 'accuracy': 0.787, 'macro_f1': 0.7876275240057137, 'selected_score': 0.787, 'best_n_estimators': 601}]",0.7899428571428571,0.7906288906552802,0.7899428571428571,COMPLETE
